<?xml version="1.0" encoding="UTF-8"?>
<testng-results total="1" passed="1" failed="0" skipped="0">
  <reporter-output>
  </reporter-output>
  <suite started-at="2025-09-04T11:01:39Z" name="Surefire suite" finished-at="2025-09-04T11:01:39Z" duration-ms="28">
    <groups>
    </groups>
    <test started-at="2025-09-04T11:01:39Z" name="Surefire test" finished-at="2025-09-04T11:01:39Z" duration-ms="28">
      <class name="com.mycompany.librarymain.LibraryMainNGTest">
        <test-method signature="testSomeMethod()[pri:0, instance:com.mycompany.librarymain.LibraryMainNGTest@1990a65e]" started-at="2025-09-04T13:01:39Z" name="testSomeMethod" finished-at="2025-09-04T13:01:39Z" duration-ms="13" status="PASS">
          <reporter-output>
          </reporter-output>
        </test-method> <!-- testSomeMethod -->
      </class> <!-- com.mycompany.librarymain.LibraryMainNGTest -->
    </test> <!-- Surefire test -->
  </suite> <!-- Surefire suite -->
</testng-results>
